[2019-04-16 18:48:33.161] [sharedprocess] [info] main {"machineId":"fcee186aacad339d81060b4813afef96e55aadb30aca9c498da036585d5f1858"}
[2019-04-16 18:48:33.218] [sharedprocess] [info] Scanned user extensions: 6
[2019-04-16 18:48:33.225] [sharedprocess] [info] Scanned user extensions: 6
[2019-04-16 18:48:33.242] [sharedprocess] [info] Scanned system extensions: 72
[2019-04-16 18:48:33.244] [sharedprocess] [info] Scanned system extensions: 72
[2019-04-16 18:48:33.307] [sharedprocess] [info] Scanned user extensions: 6
[2019-04-16 18:49:13.168] [sharedprocess] [info] Starting to clean up unused language packs.
[2019-04-16 18:53:33.318] [sharedprocess] [info] Scanned user extensions: 6
[2019-04-16 18:58:33.330] [sharedprocess] [info] Scanned user extensions: 6
[2019-04-16 19:03:33.347] [sharedprocess] [info] Scanned user extensions: 6
[2019-04-16 19:08:33.360] [sharedprocess] [info] Scanned user extensions: 6
[2019-04-16 19:13:33.372] [sharedprocess] [info] Scanned user extensions: 6
[2019-04-16 19:18:33.384] [sharedprocess] [info] Scanned user extensions: 6
[2019-04-16 19:23:33.395] [sharedprocess] [info] Scanned user extensions: 6
[2019-04-16 19:28:33.406] [sharedprocess] [info] Scanned user extensions: 6
[2019-04-16 19:33:33.421] [sharedprocess] [info] Scanned user extensions: 6
[2019-04-16 19:38:33.435] [sharedprocess] [info] Scanned user extensions: 6
[2019-04-16 19:43:33.439] [sharedprocess] [info] Scanned user extensions: 6
[2019-04-16 19:48:33.451] [sharedprocess] [info] Scanned user extensions: 6
[2019-04-16 19:53:33.471] [sharedprocess] [info] Scanned user extensions: 6
[2019-04-16 19:58:33.484] [sharedprocess] [info] Scanned user extensions: 6
[2019-04-16 20:03:33.497] [sharedprocess] [info] Scanned user extensions: 6
[2019-04-16 20:08:33.510] [sharedprocess] [info] Scanned user extensions: 6
[2019-04-16 20:13:33.523] [sharedprocess] [info] Scanned user extensions: 6
[2019-04-16 20:18:33.539] [sharedprocess] [info] Scanned user extensions: 6
[2019-04-16 20:23:33.548] [sharedprocess] [info] Scanned user extensions: 6
[2019-04-16 20:28:33.562] [sharedprocess] [info] Scanned user extensions: 6
[2019-04-16 20:33:33.578] [sharedprocess] [info] Scanned user extensions: 6
[2019-04-16 20:38:33.599] [sharedprocess] [info] Scanned user extensions: 6
[2019-04-16 20:43:33.617] [sharedprocess] [info] Scanned user extensions: 6
[2019-04-16 20:48:33.634] [sharedprocess] [info] Scanned user extensions: 6
[2019-04-16 20:53:33.643] [sharedprocess] [info] Scanned user extensions: 6
[2019-04-16 20:58:33.655] [sharedprocess] [info] Scanned user extensions: 6
[2019-04-16 21:03:33.670] [sharedprocess] [info] Scanned user extensions: 6
[2019-04-16 21:08:33.688] [sharedprocess] [info] Scanned user extensions: 6
[2019-04-16 21:13:33.703] [sharedprocess] [info] Scanned user extensions: 6
[2019-04-16 21:18:33.719] [sharedprocess] [info] Scanned user extensions: 6
[2019-04-16 21:23:33.736] [sharedprocess] [info] Scanned user extensions: 6
[2019-04-16 21:28:33.754] [sharedprocess] [info] Scanned user extensions: 6
[2019-04-16 21:33:33.770] [sharedprocess] [info] Scanned user extensions: 6
[2019-04-16 21:38:33.787] [sharedprocess] [info] Scanned user extensions: 6
[2019-04-16 21:43:33.804] [sharedprocess] [info] Scanned user extensions: 6
[2019-04-16 21:48:33.819] [sharedprocess] [info] Scanned user extensions: 6
[2019-04-16 21:53:33.837] [sharedprocess] [info] Scanned user extensions: 6
[2019-04-16 21:58:33.859] [sharedprocess] [info] Scanned user extensions: 6
[2019-04-16 22:03:33.880] [sharedprocess] [info] Scanned user extensions: 6
[2019-04-16 22:08:33.888] [sharedprocess] [info] Scanned user extensions: 6
[2019-04-16 22:13:33.895] [sharedprocess] [info] Scanned user extensions: 6
[2019-04-16 22:18:33.906] [sharedprocess] [info] Scanned user extensions: 6
[2019-04-16 22:23:33.921] [sharedprocess] [info] Scanned user extensions: 6
[2019-04-16 22:28:33.931] [sharedprocess] [info] Scanned user extensions: 6
[2019-04-16 22:33:33.944] [sharedprocess] [info] Scanned user extensions: 6
[2019-04-16 22:38:33.954] [sharedprocess] [info] Scanned user extensions: 6
[2019-04-16 22:43:33.968] [sharedprocess] [info] Scanned user extensions: 6
[2019-04-16 22:48:33.979] [sharedprocess] [info] Scanned user extensions: 6
[2019-04-16 22:53:33.994] [sharedprocess] [info] Scanned user extensions: 6
[2019-04-16 22:58:34.013] [sharedprocess] [info] Scanned user extensions: 6
[2019-04-16 23:03:34.021] [sharedprocess] [info] Scanned user extensions: 6
[2019-04-16 23:08:34.033] [sharedprocess] [info] Scanned user extensions: 6
[2019-04-16 23:13:34.044] [sharedprocess] [info] Scanned user extensions: 6
[2019-04-16 23:18:34.053] [sharedprocess] [info] Scanned user extensions: 6
[2019-04-16 23:23:04.111] [sharedprocess] [info] Scanned user extensions: 6
[2019-04-16 23:23:04.112] [sharedprocess] [info] Scanned user extensions: 6
[2019-04-16 23:23:04.113] [sharedprocess] [info] Scanned user extensions: 6
[2019-04-16 23:23:04.113] [sharedprocess] [info] Scanned user extensions: 6
[2019-04-16 23:23:04.145] [sharedprocess] [info] Scanned system extensions: 72
[2019-04-16 23:23:04.147] [sharedprocess] [info] Scanned system extensions: 72
[2019-04-16 23:23:04.149] [sharedprocess] [info] Scanned system extensions: 72
[2019-04-16 23:23:18.365] [sharedprocess] [info] Installing extension: esbenp.prettier-vscode
[2019-04-16 23:23:18.369] [sharedprocess] [info] Scanned user extensions: 6
[2019-04-16 23:23:19.136] [sharedprocess] [info] Downloaded extension: esbenp.prettier-vscode /tmp/71d9f10a-a0ae-4995-81e0-1ca390a3a31c
[2019-04-16 23:23:21.489] [sharedprocess] [info] Extracted extension to /home/igniscyan/.vscode-oss/extensions/.esbenp.prettier-vscode-1.8.1: esbenp.prettier-vscode
[2019-04-16 23:23:21.490] [sharedprocess] [info] Renamed to /home/igniscyan/.vscode-oss/extensions/esbenp.prettier-vscode-1.8.1
[2019-04-16 23:23:21.490] [sharedprocess] [info] Installation completed. esbenp.prettier-vscode
[2019-04-16 23:23:21.516] [sharedprocess] [info] Extensions installed successfully: esbenp.prettier-vscode
[2019-04-16 23:23:34.067] [sharedprocess] [info] Scanned user extensions: 7
[2019-04-16 23:23:36.507] [sharedprocess] [info] Installing extension: redhat.java
[2019-04-16 23:23:36.509] [sharedprocess] [info] Scanned user extensions: 7
[2019-04-16 23:23:38.227] [sharedprocess] [info] Downloaded extension: redhat.java /tmp/62a8593e-e001-408f-9367-75070cfbb365
[2019-04-16 23:23:38.513] [sharedprocess] [info] Extracted extension to /home/igniscyan/.vscode-oss/extensions/.redhat.java-0.42.1: redhat.java
[2019-04-16 23:23:38.513] [sharedprocess] [info] Renamed to /home/igniscyan/.vscode-oss/extensions/redhat.java-0.42.1
[2019-04-16 23:23:38.514] [sharedprocess] [info] Installation completed. redhat.java
[2019-04-16 23:23:38.517] [sharedprocess] [info] Extensions installed successfully: redhat.java
[2019-04-16 23:25:14.191] [sharedprocess] [info] Scanned user extensions: 8
[2019-04-16 23:25:14.192] [sharedprocess] [info] Scanned user extensions: 8
[2019-04-16 23:25:14.192] [sharedprocess] [info] Scanned user extensions: 8
[2019-04-16 23:25:14.194] [sharedprocess] [info] Scanned user extensions: 8
[2019-04-16 23:25:14.196] [sharedprocess] [info] Scanned user extensions: 8
[2019-04-16 23:25:14.228] [sharedprocess] [info] Scanned system extensions: 72
[2019-04-16 23:25:14.230] [sharedprocess] [info] Scanned system extensions: 72
[2019-04-16 23:25:14.232] [sharedprocess] [info] Scanned system extensions: 72
[2019-04-16 23:25:14.234] [sharedprocess] [info] Scanned system extensions: 72
[2019-04-16 23:25:16.764] [sharedprocess] [info] Scanned user extensions: 8
[2019-04-16 23:30:16.777] [sharedprocess] [info] Scanned user extensions: 8
[2019-04-16 23:35:16.790] [sharedprocess] [info] Scanned user extensions: 8
[2019-04-16 23:40:16.806] [sharedprocess] [info] Scanned user extensions: 8
[2019-04-16 23:45:16.823] [sharedprocess] [info] Scanned user extensions: 8
[2019-04-16 23:50:16.838] [sharedprocess] [info] Scanned user extensions: 8
[2019-04-16 23:55:16.857] [sharedprocess] [info] Scanned user extensions: 8
[2019-04-17 00:00:16.876] [sharedprocess] [info] Scanned user extensions: 8
[2019-04-17 00:05:13.852] [sharedprocess] [info] Scanned user extensions: 8
[2019-04-17 00:05:13.853] [sharedprocess] [info] Scanned user extensions: 8
[2019-04-17 00:05:13.854] [sharedprocess] [info] Scanned user extensions: 8
[2019-04-17 00:05:13.854] [sharedprocess] [info] Scanned user extensions: 8
[2019-04-17 00:05:13.855] [sharedprocess] [info] Scanned user extensions: 8
[2019-04-17 00:05:13.899] [sharedprocess] [info] Scanned system extensions: 72
[2019-04-17 00:05:13.903] [sharedprocess] [info] Scanned system extensions: 72
[2019-04-17 00:05:13.906] [sharedprocess] [info] Scanned system extensions: 72
[2019-04-17 00:05:13.910] [sharedprocess] [info] Scanned system extensions: 72
[2019-04-17 00:05:18.063] [sharedprocess] [info] Scanned user extensions: 8
[2019-04-17 00:10:18.078] [sharedprocess] [info] Scanned user extensions: 8
[2019-04-17 00:15:18.098] [sharedprocess] [info] Scanned user extensions: 8
[2019-04-17 00:20:18.119] [sharedprocess] [info] Scanned user extensions: 8
[2019-04-17 00:25:18.138] [sharedprocess] [info] Scanned user extensions: 8
[2019-04-17 00:30:18.169] [sharedprocess] [info] Scanned user extensions: 8
[2019-04-17 00:35:18.181] [sharedprocess] [info] Scanned user extensions: 8
[2019-04-17 00:40:18.202] [sharedprocess] [info] Scanned user extensions: 8
[2019-04-17 00:45:18.212] [sharedprocess] [info] Scanned user extensions: 8
[2019-04-17 00:50:18.226] [sharedprocess] [info] Scanned user extensions: 8
[2019-04-17 00:55:18.247] [sharedprocess] [info] Scanned user extensions: 8
[2019-04-17 01:00:18.267] [sharedprocess] [info] Scanned user extensions: 8
[2019-04-17 01:05:18.288] [sharedprocess] [info] Scanned user extensions: 8
[2019-04-17 01:10:18.306] [sharedprocess] [info] Scanned user extensions: 8
[2019-04-17 01:15:18.326] [sharedprocess] [info] Scanned user extensions: 8
[2019-04-17 01:20:18.343] [sharedprocess] [info] Scanned user extensions: 8
[2019-04-17 01:25:18.364] [sharedprocess] [info] Scanned user extensions: 8
[2019-04-17 01:30:18.381] [sharedprocess] [info] Scanned user extensions: 8
[2019-04-17 01:35:18.394] [sharedprocess] [info] Scanned user extensions: 8
[2019-04-17 01:40:18.405] [sharedprocess] [info] Scanned user extensions: 8
[2019-04-17 01:45:18.410] [sharedprocess] [info] Scanned user extensions: 8
[2019-04-17 01:50:18.423] [sharedprocess] [info] Scanned user extensions: 8
[2019-04-17 01:55:18.438] [sharedprocess] [info] Scanned user extensions: 8
[2019-04-17 02:00:18.450] [sharedprocess] [info] Scanned user extensions: 8
[2019-04-17 02:05:18.469] [sharedprocess] [info] Scanned user extensions: 8
[2019-04-17 02:10:18.489] [sharedprocess] [info] Scanned user extensions: 8
[2019-04-17 02:15:18.507] [sharedprocess] [info] Scanned user extensions: 8
[2019-04-17 02:20:18.522] [sharedprocess] [info] Scanned user extensions: 8
[2019-04-17 02:25:18.536] [sharedprocess] [info] Scanned user extensions: 8
[2019-04-17 02:30:18.550] [sharedprocess] [info] Scanned user extensions: 8
[2019-04-17 02:35:18.562] [sharedprocess] [info] Scanned user extensions: 8
[2019-04-17 02:40:18.573] [sharedprocess] [info] Scanned user extensions: 8
[2019-04-17 02:45:18.584] [sharedprocess] [info] Scanned user extensions: 8
[2019-04-17 02:50:18.596] [sharedprocess] [info] Scanned user extensions: 8
[2019-04-17 02:55:18.614] [sharedprocess] [info] Scanned user extensions: 8
[2019-04-17 03:00:18.620] [sharedprocess] [info] Scanned user extensions: 8
[2019-04-17 03:05:18.626] [sharedprocess] [info] Scanned user extensions: 8
[2019-04-17 03:10:18.644] [sharedprocess] [info] Scanned user extensions: 8
[2019-04-17 03:15:18.657] [sharedprocess] [info] Scanned user extensions: 8
[2019-04-17 03:20:18.670] [sharedprocess] [info] Scanned user extensions: 8
[2019-04-17 03:25:18.686] [sharedprocess] [info] Scanned user extensions: 8
[2019-04-17 03:30:18.705] [sharedprocess] [info] Scanned user extensions: 8
[2019-04-17 03:35:18.724] [sharedprocess] [info] Scanned user extensions: 8
[2019-04-17 03:40:18.742] [sharedprocess] [info] Scanned user extensions: 8
[2019-04-17 03:45:18.759] [sharedprocess] [info] Scanned user extensions: 8
[2019-04-17 03:50:18.766] [sharedprocess] [info] Scanned user extensions: 8
[2019-04-17 03:55:18.781] [sharedprocess] [info] Scanned user extensions: 8
[2019-04-17 04:00:18.800] [sharedprocess] [info] Scanned user extensions: 8
[2019-04-17 04:05:18.817] [sharedprocess] [info] Scanned user extensions: 8
[2019-04-17 04:10:18.831] [sharedprocess] [info] Scanned user extensions: 8
[2019-04-17 04:15:18.851] [sharedprocess] [info] Scanned user extensions: 8
