[Error - 12:23:43 am] 17/04/2019 12:23:43 AM Problem with folding range for /jdt.ls-java-project/src/menu.java
Unterminated_String
org.eclipse.jdt.core.compiler.InvalidInputException: Unterminated_String
	at org.eclipse.jdt.internal.core.util.PublicScanner.getNextToken(PublicScanner.java:1532)
	at org.eclipse.jdt.ls.core.internal.handlers.FoldingRangeHandler.computeFoldingRanges(FoldingRangeHandler.java:110)
	at org.eclipse.jdt.ls.core.internal.handlers.FoldingRangeHandler.foldingRange(FoldingRangeHandler.java:61)
	at org.eclipse.jdt.ls.core.internal.handlers.JDTLanguageServer.lambda$26(JDTLanguageServer.java:738)
	at org.eclipse.jdt.ls.core.internal.handlers.JDTLanguageServer.lambda$33(JDTLanguageServer.java:809)
	at java.util.concurrent.CompletableFuture.uniApply(CompletableFuture.java:602)
	at java.util.concurrent.CompletableFuture$UniApply.tryFire(CompletableFuture.java:577)
	at java.util.concurrent.CompletableFuture$Completion.exec(CompletableFuture.java:443)
	at java.util.concurrent.ForkJoinTask.doExec(ForkJoinTask.java:289)
	at java.util.concurrent.ForkJoinPool$WorkQueue.runTask(ForkJoinPool.java:1056)
	at java.util.concurrent.ForkJoinPool.runWorker(ForkJoinPool.java:1692)
	at java.util.concurrent.ForkJoinWorkerThread.run(ForkJoinWorkerThread.java:157)

[Error - 12:23:43 am] 17/04/2019 12:23:43 AM Problem with folding range for /jdt.ls-java-project/src/menu.java
Invalid_Char_In_String
org.eclipse.jdt.core.compiler.InvalidInputException: Invalid_Char_In_String
	at org.eclipse.jdt.internal.core.util.PublicScanner.getNextToken(PublicScanner.java:1489)
	at org.eclipse.jdt.ls.core.internal.handlers.FoldingRangeHandler.computeFoldingRanges(FoldingRangeHandler.java:110)
	at org.eclipse.jdt.ls.core.internal.handlers.FoldingRangeHandler.foldingRange(FoldingRangeHandler.java:61)
	at org.eclipse.jdt.ls.core.internal.handlers.JDTLanguageServer.lambda$26(JDTLanguageServer.java:738)
	at org.eclipse.jdt.ls.core.internal.handlers.JDTLanguageServer.lambda$33(JDTLanguageServer.java:809)
	at java.util.concurrent.CompletableFuture.uniApply(CompletableFuture.java:602)
	at java.util.concurrent.CompletableFuture$UniApply.tryFire(CompletableFuture.java:577)
	at java.util.concurrent.CompletableFuture$Completion.exec(CompletableFuture.java:443)
	at java.util.concurrent.ForkJoinTask.doExec(ForkJoinTask.java:289)
	at java.util.concurrent.ForkJoinPool$WorkQueue.runTask(ForkJoinPool.java:1056)
	at java.util.concurrent.ForkJoinPool.runWorker(ForkJoinPool.java:1692)
	at java.util.concurrent.ForkJoinWorkerThread.run(ForkJoinWorkerThread.java:157)

[Error - 12:24:03 am] 17/04/2019 12:24:03 AM Problem with folding range for /jdt.ls-java-project/src/menu.java
Invalid_Char_In_String
org.eclipse.jdt.core.compiler.InvalidInputException: Invalid_Char_In_String
	at org.eclipse.jdt.internal.core.util.PublicScanner.getNextToken(PublicScanner.java:1489)
	at org.eclipse.jdt.ls.core.internal.handlers.FoldingRangeHandler.computeFoldingRanges(FoldingRangeHandler.java:110)
	at org.eclipse.jdt.ls.core.internal.handlers.FoldingRangeHandler.foldingRange(FoldingRangeHandler.java:61)
	at org.eclipse.jdt.ls.core.internal.handlers.JDTLanguageServer.lambda$26(JDTLanguageServer.java:738)
	at org.eclipse.jdt.ls.core.internal.handlers.JDTLanguageServer.lambda$33(JDTLanguageServer.java:809)
	at java.util.concurrent.CompletableFuture.uniApply(CompletableFuture.java:602)
	at java.util.concurrent.CompletableFuture$UniApply.tryFire(CompletableFuture.java:577)
	at java.util.concurrent.CompletableFuture$Completion.exec(CompletableFuture.java:443)
	at java.util.concurrent.ForkJoinTask.doExec(ForkJoinTask.java:289)
	at java.util.concurrent.ForkJoinPool$WorkQueue.runTask(ForkJoinPool.java:1056)
	at java.util.concurrent.ForkJoinPool.runWorker(ForkJoinPool.java:1692)
	at java.util.concurrent.ForkJoinWorkerThread.run(ForkJoinWorkerThread.java:157)

[Error - 12:24:03 am] 17/04/2019 12:24:03 AM Problem with folding range for /jdt.ls-java-project/src/menu.java
Invalid_Char_In_String
org.eclipse.jdt.core.compiler.InvalidInputException: Invalid_Char_In_String
	at org.eclipse.jdt.internal.core.util.PublicScanner.getNextToken(PublicScanner.java:1489)
	at org.eclipse.jdt.ls.core.internal.handlers.FoldingRangeHandler.computeFoldingRanges(FoldingRangeHandler.java:110)
	at org.eclipse.jdt.ls.core.internal.handlers.FoldingRangeHandler.foldingRange(FoldingRangeHandler.java:61)
	at org.eclipse.jdt.ls.core.internal.handlers.JDTLanguageServer.lambda$26(JDTLanguageServer.java:738)
	at org.eclipse.jdt.ls.core.internal.handlers.JDTLanguageServer.lambda$33(JDTLanguageServer.java:809)
	at java.util.concurrent.CompletableFuture.uniApply(CompletableFuture.java:602)
	at java.util.concurrent.CompletableFuture$UniApply.tryFire(CompletableFuture.java:577)
	at java.util.concurrent.CompletableFuture$Completion.exec(CompletableFuture.java:443)
	at java.util.concurrent.ForkJoinTask.doExec(ForkJoinTask.java:289)
	at java.util.concurrent.ForkJoinPool$WorkQueue.runTask(ForkJoinPool.java:1056)
	at java.util.concurrent.ForkJoinPool.runWorker(ForkJoinPool.java:1692)
	at java.util.concurrent.ForkJoinWorkerThread.run(ForkJoinWorkerThread.java:157)

[Error - 1:27:04 am] 17/04/2019 1:27:04 AM Problem with folding range for /jdt.ls-java-project/src/hw10.java
Unterminated_Comment
org.eclipse.jdt.core.compiler.InvalidInputException: Unterminated_Comment
	at org.eclipse.jdt.internal.core.util.PublicScanner.getNextToken(PublicScanner.java:1744)
	at org.eclipse.jdt.ls.core.internal.handlers.FoldingRangeHandler.computeFoldingRanges(FoldingRangeHandler.java:83)
	at org.eclipse.jdt.ls.core.internal.handlers.FoldingRangeHandler.foldingRange(FoldingRangeHandler.java:61)
	at org.eclipse.jdt.ls.core.internal.handlers.JDTLanguageServer.lambda$26(JDTLanguageServer.java:738)
	at org.eclipse.jdt.ls.core.internal.handlers.JDTLanguageServer.lambda$33(JDTLanguageServer.java:809)
	at java.util.concurrent.CompletableFuture.uniApply(CompletableFuture.java:602)
	at java.util.concurrent.CompletableFuture$UniApply.tryFire(CompletableFuture.java:577)
	at java.util.concurrent.CompletableFuture$Completion.exec(CompletableFuture.java:443)
	at java.util.concurrent.ForkJoinTask.doExec(ForkJoinTask.java:289)
	at java.util.concurrent.ForkJoinPool$WorkQueue.runTask(ForkJoinPool.java:1056)
	at java.util.concurrent.ForkJoinPool.runWorker(ForkJoinPool.java:1692)
	at java.util.concurrent.ForkJoinWorkerThread.run(ForkJoinWorkerThread.java:157)

[Error - 1:27:04 am] 17/04/2019 1:27:04 AM Problem with folding range for /jdt.ls-java-project/src/hw10.java
Unterminated_Comment
org.eclipse.jdt.core.compiler.InvalidInputException: Unterminated_Comment
	at org.eclipse.jdt.internal.core.util.PublicScanner.getNextToken(PublicScanner.java:1744)
	at org.eclipse.jdt.ls.core.internal.handlers.FoldingRangeHandler.computeFoldingRanges(FoldingRangeHandler.java:83)
	at org.eclipse.jdt.ls.core.internal.handlers.FoldingRangeHandler.foldingRange(FoldingRangeHandler.java:61)
	at org.eclipse.jdt.ls.core.internal.handlers.JDTLanguageServer.lambda$26(JDTLanguageServer.java:738)
	at org.eclipse.jdt.ls.core.internal.handlers.JDTLanguageServer.lambda$33(JDTLanguageServer.java:809)
	at java.util.concurrent.CompletableFuture.uniApply(CompletableFuture.java:602)
	at java.util.concurrent.CompletableFuture$UniApply.tryFire(CompletableFuture.java:577)
	at java.util.concurrent.CompletableFuture$Completion.exec(CompletableFuture.java:443)
	at java.util.concurrent.ForkJoinTask.doExec(ForkJoinTask.java:289)
	at java.util.concurrent.ForkJoinPool$WorkQueue.runTask(ForkJoinPool.java:1056)
	at java.util.concurrent.ForkJoinPool.runWorker(ForkJoinPool.java:1692)
	at java.util.concurrent.ForkJoinWorkerThread.run(ForkJoinWorkerThread.java:157)

[Error - 1:27:05 am] 17/04/2019 1:27:05 AM Problem with folding range for /jdt.ls-java-project/src/hw10.java
Unterminated_Comment
org.eclipse.jdt.core.compiler.InvalidInputException: Unterminated_Comment
	at org.eclipse.jdt.internal.core.util.PublicScanner.getNextToken(PublicScanner.java:1744)
	at org.eclipse.jdt.ls.core.internal.handlers.FoldingRangeHandler.computeFoldingRanges(FoldingRangeHandler.java:83)
	at org.eclipse.jdt.ls.core.internal.handlers.FoldingRangeHandler.foldingRange(FoldingRangeHandler.java:61)
	at org.eclipse.jdt.ls.core.internal.handlers.JDTLanguageServer.lambda$26(JDTLanguageServer.java:738)
	at org.eclipse.jdt.ls.core.internal.handlers.JDTLanguageServer.lambda$33(JDTLanguageServer.java:809)
	at java.util.concurrent.CompletableFuture.uniApply(CompletableFuture.java:602)
	at java.util.concurrent.CompletableFuture$UniApply.tryFire(CompletableFuture.java:577)
	at java.util.concurrent.CompletableFuture$Completion.exec(CompletableFuture.java:443)
	at java.util.concurrent.ForkJoinTask.doExec(ForkJoinTask.java:289)
	at java.util.concurrent.ForkJoinPool$WorkQueue.runTask(ForkJoinPool.java:1056)
	at java.util.concurrent.ForkJoinPool.runWorker(ForkJoinPool.java:1692)
	at java.util.concurrent.ForkJoinWorkerThread.run(ForkJoinWorkerThread.java:157)

[Error - 1:27:07 am] 17/04/2019 1:27:07 AM Problem with folding range for /jdt.ls-java-project/src/hw10.java
Unterminated_Comment
org.eclipse.jdt.core.compiler.InvalidInputException: Unterminated_Comment
	at org.eclipse.jdt.internal.core.util.PublicScanner.getNextToken(PublicScanner.java:1744)
	at org.eclipse.jdt.ls.core.internal.handlers.FoldingRangeHandler.computeFoldingRanges(FoldingRangeHandler.java:83)
	at org.eclipse.jdt.ls.core.internal.handlers.FoldingRangeHandler.foldingRange(FoldingRangeHandler.java:61)
	at org.eclipse.jdt.ls.core.internal.handlers.JDTLanguageServer.lambda$26(JDTLanguageServer.java:738)
	at org.eclipse.jdt.ls.core.internal.handlers.JDTLanguageServer.lambda$33(JDTLanguageServer.java:809)
	at java.util.concurrent.CompletableFuture.uniApply(CompletableFuture.java:602)
	at java.util.concurrent.CompletableFuture$UniApply.tryFire(CompletableFuture.java:577)
	at java.util.concurrent.CompletableFuture$Completion.exec(CompletableFuture.java:443)
	at java.util.concurrent.ForkJoinTask.doExec(ForkJoinTask.java:289)
	at java.util.concurrent.ForkJoinPool$WorkQueue.runTask(ForkJoinPool.java:1056)
	at java.util.concurrent.ForkJoinPool.runWorker(ForkJoinPool.java:1692)
	at java.util.concurrent.ForkJoinWorkerThread.run(ForkJoinWorkerThread.java:157)

[Error - 1:27:07 am] 17/04/2019 1:27:07 AM Problem with folding range for /jdt.ls-java-project/src/hw10.java
Unterminated_Comment
org.eclipse.jdt.core.compiler.InvalidInputException: Unterminated_Comment
	at org.eclipse.jdt.internal.core.util.PublicScanner.getNextToken(PublicScanner.java:1744)
	at org.eclipse.jdt.ls.core.internal.handlers.FoldingRangeHandler.computeFoldingRanges(FoldingRangeHandler.java:83)
	at org.eclipse.jdt.ls.core.internal.handlers.FoldingRangeHandler.foldingRange(FoldingRangeHandler.java:61)
	at org.eclipse.jdt.ls.core.internal.handlers.JDTLanguageServer.lambda$26(JDTLanguageServer.java:738)
	at org.eclipse.jdt.ls.core.internal.handlers.JDTLanguageServer.lambda$33(JDTLanguageServer.java:809)
	at java.util.concurrent.CompletableFuture.uniApply(CompletableFuture.java:602)
	at java.util.concurrent.CompletableFuture$UniApply.tryFire(CompletableFuture.java:577)
	at java.util.concurrent.CompletableFuture$Completion.exec(CompletableFuture.java:443)
	at java.util.concurrent.ForkJoinTask.doExec(ForkJoinTask.java:289)
	at java.util.concurrent.ForkJoinPool$WorkQueue.runTask(ForkJoinPool.java:1056)
	at java.util.concurrent.ForkJoinPool.runWorker(ForkJoinPool.java:1692)
	at java.util.concurrent.ForkJoinWorkerThread.run(ForkJoinWorkerThread.java:157)

[Error - 1:27:08 am] 17/04/2019 1:27:08 AM Problem with folding range for /jdt.ls-java-project/src/hw10.java
Unterminated_Comment
org.eclipse.jdt.core.compiler.InvalidInputException: Unterminated_Comment
	at org.eclipse.jdt.internal.core.util.PublicScanner.getNextToken(PublicScanner.java:1744)
	at org.eclipse.jdt.ls.core.internal.handlers.FoldingRangeHandler.computeFoldingRanges(FoldingRangeHandler.java:83)
	at org.eclipse.jdt.ls.core.internal.handlers.FoldingRangeHandler.foldingRange(FoldingRangeHandler.java:61)
	at org.eclipse.jdt.ls.core.internal.handlers.JDTLanguageServer.lambda$26(JDTLanguageServer.java:738)
	at org.eclipse.jdt.ls.core.internal.handlers.JDTLanguageServer.lambda$33(JDTLanguageServer.java:809)
	at java.util.concurrent.CompletableFuture.uniApply(CompletableFuture.java:602)
	at java.util.concurrent.CompletableFuture$UniApply.tryFire(CompletableFuture.java:577)
	at java.util.concurrent.CompletableFuture$Completion.exec(CompletableFuture.java:443)
	at java.util.concurrent.ForkJoinTask.doExec(ForkJoinTask.java:289)
	at java.util.concurrent.ForkJoinPool$WorkQueue.runTask(ForkJoinPool.java:1056)
	at java.util.concurrent.ForkJoinPool.runWorker(ForkJoinPool.java:1692)
	at java.util.concurrent.ForkJoinWorkerThread.run(ForkJoinWorkerThread.java:157)

[Error - 1:27:11 am] 17/04/2019 1:27:11 AM Problem with folding range for /jdt.ls-java-project/src/hw10.java
Unterminated_Comment
org.eclipse.jdt.core.compiler.InvalidInputException: Unterminated_Comment
	at org.eclipse.jdt.internal.core.util.PublicScanner.getNextToken(PublicScanner.java:1744)
	at org.eclipse.jdt.ls.core.internal.handlers.FoldingRangeHandler.computeFoldingRanges(FoldingRangeHandler.java:83)
	at org.eclipse.jdt.ls.core.internal.handlers.FoldingRangeHandler.foldingRange(FoldingRangeHandler.java:61)
	at org.eclipse.jdt.ls.core.internal.handlers.JDTLanguageServer.lambda$26(JDTLanguageServer.java:738)
	at org.eclipse.jdt.ls.core.internal.handlers.JDTLanguageServer.lambda$33(JDTLanguageServer.java:809)
	at java.util.concurrent.CompletableFuture.uniApply(CompletableFuture.java:602)
	at java.util.concurrent.CompletableFuture$UniApply.tryFire(CompletableFuture.java:577)
	at java.util.concurrent.CompletableFuture$Completion.exec(CompletableFuture.java:443)
	at java.util.concurrent.ForkJoinTask.doExec(ForkJoinTask.java:289)
	at java.util.concurrent.ForkJoinPool$WorkQueue.runTask(ForkJoinPool.java:1056)
	at java.util.concurrent.ForkJoinPool.runWorker(ForkJoinPool.java:1692)
	at java.util.concurrent.ForkJoinWorkerThread.run(ForkJoinWorkerThread.java:157)

[Error - 1:27:13 am] 17/04/2019 1:27:13 AM Problem with folding range for /jdt.ls-java-project/src/hw10.java
Unterminated_Comment
org.eclipse.jdt.core.compiler.InvalidInputException: Unterminated_Comment
	at org.eclipse.jdt.internal.core.util.PublicScanner.getNextToken(PublicScanner.java:1744)
	at org.eclipse.jdt.ls.core.internal.handlers.FoldingRangeHandler.computeFoldingRanges(FoldingRangeHandler.java:83)
	at org.eclipse.jdt.ls.core.internal.handlers.FoldingRangeHandler.foldingRange(FoldingRangeHandler.java:61)
	at org.eclipse.jdt.ls.core.internal.handlers.JDTLanguageServer.lambda$26(JDTLanguageServer.java:738)
	at org.eclipse.jdt.ls.core.internal.handlers.JDTLanguageServer.lambda$33(JDTLanguageServer.java:809)
	at java.util.concurrent.CompletableFuture.uniApply(CompletableFuture.java:602)
	at java.util.concurrent.CompletableFuture$UniApply.tryFire(CompletableFuture.java:577)
	at java.util.concurrent.CompletableFuture$Completion.exec(CompletableFuture.java:443)
	at java.util.concurrent.ForkJoinTask.doExec(ForkJoinTask.java:289)
	at java.util.concurrent.ForkJoinPool$WorkQueue.runTask(ForkJoinPool.java:1056)
	at java.util.concurrent.ForkJoinPool.runWorker(ForkJoinPool.java:1692)
	at java.util.concurrent.ForkJoinWorkerThread.run(ForkJoinWorkerThread.java:157)

[Error - 1:27:13 am] 17/04/2019 1:27:13 AM Problem with folding range for /jdt.ls-java-project/src/hw10.java
Unterminated_Comment
org.eclipse.jdt.core.compiler.InvalidInputException: Unterminated_Comment
	at org.eclipse.jdt.internal.core.util.PublicScanner.getNextToken(PublicScanner.java:1744)
	at org.eclipse.jdt.ls.core.internal.handlers.FoldingRangeHandler.computeFoldingRanges(FoldingRangeHandler.java:83)
	at org.eclipse.jdt.ls.core.internal.handlers.FoldingRangeHandler.foldingRange(FoldingRangeHandler.java:61)
	at org.eclipse.jdt.ls.core.internal.handlers.JDTLanguageServer.lambda$26(JDTLanguageServer.java:738)
	at org.eclipse.jdt.ls.core.internal.handlers.JDTLanguageServer.lambda$33(JDTLanguageServer.java:809)
	at java.util.concurrent.CompletableFuture.uniApply(CompletableFuture.java:602)
	at java.util.concurrent.CompletableFuture$UniApply.tryFire(CompletableFuture.java:577)
	at java.util.concurrent.CompletableFuture$Completion.exec(CompletableFuture.java:443)
	at java.util.concurrent.ForkJoinTask.doExec(ForkJoinTask.java:289)
	at java.util.concurrent.ForkJoinPool$WorkQueue.runTask(ForkJoinPool.java:1056)
	at java.util.concurrent.ForkJoinPool.runWorker(ForkJoinPool.java:1692)
	at java.util.concurrent.ForkJoinWorkerThread.run(ForkJoinWorkerThread.java:157)

[Error - 1:27:13 am] 17/04/2019 1:27:13 AM Problem with folding range for /jdt.ls-java-project/src/hw10.java
Unterminated_Comment
org.eclipse.jdt.core.compiler.InvalidInputException: Unterminated_Comment
	at org.eclipse.jdt.internal.core.util.PublicScanner.getNextToken(PublicScanner.java:1744)
	at org.eclipse.jdt.ls.core.internal.handlers.FoldingRangeHandler.computeFoldingRanges(FoldingRangeHandler.java:83)
	at org.eclipse.jdt.ls.core.internal.handlers.FoldingRangeHandler.foldingRange(FoldingRangeHandler.java:61)
	at org.eclipse.jdt.ls.core.internal.handlers.JDTLanguageServer.lambda$26(JDTLanguageServer.java:738)
	at org.eclipse.jdt.ls.core.internal.handlers.JDTLanguageServer.lambda$33(JDTLanguageServer.java:809)
	at java.util.concurrent.CompletableFuture.uniApply(CompletableFuture.java:602)
	at java.util.concurrent.CompletableFuture$UniApply.tryFire(CompletableFuture.java:577)
	at java.util.concurrent.CompletableFuture$Completion.exec(CompletableFuture.java:443)
	at java.util.concurrent.ForkJoinTask.doExec(ForkJoinTask.java:289)
	at java.util.concurrent.ForkJoinPool$WorkQueue.runTask(ForkJoinPool.java:1056)
	at java.util.concurrent.ForkJoinPool.runWorker(ForkJoinPool.java:1692)
	at java.util.concurrent.ForkJoinWorkerThread.run(ForkJoinWorkerThread.java:157)

[Error - 1:27:13 am] 17/04/2019 1:27:13 AM Problem with folding range for /jdt.ls-java-project/src/hw10.java
Unterminated_Comment
org.eclipse.jdt.core.compiler.InvalidInputException: Unterminated_Comment
	at org.eclipse.jdt.internal.core.util.PublicScanner.getNextToken(PublicScanner.java:1744)
	at org.eclipse.jdt.ls.core.internal.handlers.FoldingRangeHandler.computeFoldingRanges(FoldingRangeHandler.java:83)
	at org.eclipse.jdt.ls.core.internal.handlers.FoldingRangeHandler.foldingRange(FoldingRangeHandler.java:61)
	at org.eclipse.jdt.ls.core.internal.handlers.JDTLanguageServer.lambda$26(JDTLanguageServer.java:738)
	at org.eclipse.jdt.ls.core.internal.handlers.JDTLanguageServer.lambda$33(JDTLanguageServer.java:809)
	at java.util.concurrent.CompletableFuture.uniApply(CompletableFuture.java:602)
	at java.util.concurrent.CompletableFuture$UniApply.tryFire(CompletableFuture.java:577)
	at java.util.concurrent.CompletableFuture$Completion.exec(CompletableFuture.java:443)
	at java.util.concurrent.ForkJoinTask.doExec(ForkJoinTask.java:289)
	at java.util.concurrent.ForkJoinPool$WorkQueue.runTask(ForkJoinPool.java:1056)
	at java.util.concurrent.ForkJoinPool.runWorker(ForkJoinPool.java:1692)
	at java.util.concurrent.ForkJoinWorkerThread.run(ForkJoinWorkerThread.java:157)

[Error - 1:27:15 am] 17/04/2019 1:27:15 AM Problem with folding range for /jdt.ls-java-project/src/hw10.java
Unterminated_Comment
org.eclipse.jdt.core.compiler.InvalidInputException: Unterminated_Comment
	at org.eclipse.jdt.internal.core.util.PublicScanner.getNextToken(PublicScanner.java:1744)
	at org.eclipse.jdt.ls.core.internal.handlers.FoldingRangeHandler.computeFoldingRanges(FoldingRangeHandler.java:83)
	at org.eclipse.jdt.ls.core.internal.handlers.FoldingRangeHandler.foldingRange(FoldingRangeHandler.java:61)
	at org.eclipse.jdt.ls.core.internal.handlers.JDTLanguageServer.lambda$26(JDTLanguageServer.java:738)
	at org.eclipse.jdt.ls.core.internal.handlers.JDTLanguageServer.lambda$33(JDTLanguageServer.java:809)
	at java.util.concurrent.CompletableFuture.uniApply(CompletableFuture.java:602)
	at java.util.concurrent.CompletableFuture$UniApply.tryFire(CompletableFuture.java:577)
	at java.util.concurrent.CompletableFuture$Completion.exec(CompletableFuture.java:443)
	at java.util.concurrent.ForkJoinTask.doExec(ForkJoinTask.java:289)
	at java.util.concurrent.ForkJoinPool$WorkQueue.runTask(ForkJoinPool.java:1056)
	at java.util.concurrent.ForkJoinPool.runWorker(ForkJoinPool.java:1692)
	at java.util.concurrent.ForkJoinWorkerThread.run(ForkJoinWorkerThread.java:157)

[Error - 1:27:18 am] 17/04/2019 1:27:18 AM Problem with folding range for /jdt.ls-java-project/src/hw10.java
Unterminated_Comment
org.eclipse.jdt.core.compiler.InvalidInputException: Unterminated_Comment
	at org.eclipse.jdt.internal.core.util.PublicScanner.getNextToken(PublicScanner.java:1744)
	at org.eclipse.jdt.ls.core.internal.handlers.FoldingRangeHandler.computeFoldingRanges(FoldingRangeHandler.java:83)
	at org.eclipse.jdt.ls.core.internal.handlers.FoldingRangeHandler.foldingRange(FoldingRangeHandler.java:61)
	at org.eclipse.jdt.ls.core.internal.handlers.JDTLanguageServer.lambda$26(JDTLanguageServer.java:738)
	at org.eclipse.jdt.ls.core.internal.handlers.JDTLanguageServer.lambda$33(JDTLanguageServer.java:809)
	at java.util.concurrent.CompletableFuture.uniApply(CompletableFuture.java:602)
	at java.util.concurrent.CompletableFuture$UniApply.tryFire(CompletableFuture.java:577)
	at java.util.concurrent.CompletableFuture$Completion.exec(CompletableFuture.java:443)
	at java.util.concurrent.ForkJoinTask.doExec(ForkJoinTask.java:289)
	at java.util.concurrent.ForkJoinPool$WorkQueue.runTask(ForkJoinPool.java:1056)
	at java.util.concurrent.ForkJoinPool.runWorker(ForkJoinPool.java:1692)
	at java.util.concurrent.ForkJoinWorkerThread.run(ForkJoinWorkerThread.java:157)

[Error - 1:27:18 am] 17/04/2019 1:27:18 AM Problem with folding range for /jdt.ls-java-project/src/hw10.java
Unterminated_Comment
org.eclipse.jdt.core.compiler.InvalidInputException: Unterminated_Comment
	at org.eclipse.jdt.internal.core.util.PublicScanner.getNextToken(PublicScanner.java:1744)
	at org.eclipse.jdt.ls.core.internal.handlers.FoldingRangeHandler.computeFoldingRanges(FoldingRangeHandler.java:83)
	at org.eclipse.jdt.ls.core.internal.handlers.FoldingRangeHandler.foldingRange(FoldingRangeHandler.java:61)
	at org.eclipse.jdt.ls.core.internal.handlers.JDTLanguageServer.lambda$26(JDTLanguageServer.java:738)
	at org.eclipse.jdt.ls.core.internal.handlers.JDTLanguageServer.lambda$33(JDTLanguageServer.java:809)
	at java.util.concurrent.CompletableFuture.uniApply(CompletableFuture.java:602)
	at java.util.concurrent.CompletableFuture$UniApply.tryFire(CompletableFuture.java:577)
	at java.util.concurrent.CompletableFuture$Completion.exec(CompletableFuture.java:443)
	at java.util.concurrent.ForkJoinTask.doExec(ForkJoinTask.java:289)
	at java.util.concurrent.ForkJoinPool$WorkQueue.runTask(ForkJoinPool.java:1056)
	at java.util.concurrent.ForkJoinPool.runWorker(ForkJoinPool.java:1692)
	at java.util.concurrent.ForkJoinWorkerThread.run(ForkJoinWorkerThread.java:157)

