[2019-04-16 18:48:30.987] [exthost] [info] extension host started
[2019-04-16 18:48:31.000] [exthost] [info] ExtensionService#_doActivateExtension vscode.debug-auto-launch {"startup":true,"activationEvent":"*"}
[2019-04-16 18:48:31.000] [exthost] [info] ExtensionService#loadCommonJSModule /usr/lib/code/extensions/debug-auto-launch/dist/extension
[2019-04-16 18:48:31.001] [exthost] [info] ExtensionService#_doActivateExtension vscode.emmet {"startup":true,"activationEvent":"*"}
[2019-04-16 18:48:31.001] [exthost] [info] ExtensionService#loadCommonJSModule /usr/lib/code/extensions/emmet/dist/extension
[2019-04-16 18:48:31.011] [exthost] [info] ExtensionService#_doActivateExtension vscode.git {"startup":true,"activationEvent":"*"}
[2019-04-16 18:48:31.011] [exthost] [info] ExtensionService#loadCommonJSModule /usr/lib/code/extensions/git/dist/main
[2019-04-16 18:48:31.064] [exthost] [info] ExtensionService#_doActivateExtension vscode.merge-conflict {"startup":true,"activationEvent":"*"}
[2019-04-16 18:48:31.064] [exthost] [info] ExtensionService#loadCommonJSModule /usr/lib/code/extensions/merge-conflict/dist/extension
[2019-04-16 18:48:31.066] [exthost] [info] ExtensionService#_doActivateExtension vscodevim.vim {"startup":true,"activationEvent":"*"}
[2019-04-16 18:48:31.066] [exthost] [info] ExtensionService#loadCommonJSModule /home/igniscyan/.vscode-oss/extensions/vscodevim.vim-1.4.0/out/extension
[2019-04-16 18:48:31.224] [exthost] [info] eager extensions activated
[2019-04-16 22:40:34.520] [exthost] [info] ExtensionService#_doActivateExtension vscode.configuration-editing {"startup":false,"activationEvent":"onLanguage:jsonc"}
[2019-04-16 22:40:34.520] [exthost] [info] ExtensionService#loadCommonJSModule /usr/lib/code/extensions/configuration-editing/dist/extension
[2019-04-16 22:40:34.528] [exthost] [info] ExtensionService#_doActivateExtension vscode.json-language-features {"startup":false,"activationEvent":"onLanguage:jsonc"}
[2019-04-16 22:40:34.528] [exthost] [info] ExtensionService#loadCommonJSModule /usr/lib/code/extensions/json-language-features/client/dist/jsonMain
[2019-04-16 22:40:34.565] [exthost] [info] ExtensionService#_doActivateExtension vscode.typescript-language-features {"startup":false,"activationEvent":"onLanguage:jsonc"}
[2019-04-16 22:40:34.565] [exthost] [info] ExtensionService#loadCommonJSModule /usr/lib/code/extensions/typescript-language-features/dist/extension
[2019-04-16 23:23:21.581] [exthost] [info] ExtensionService#_doActivateExtension esbenp.prettier-vscode {"startup":false,"activationEvent":"*"}
[2019-04-16 23:23:21.581] [exthost] [info] ExtensionService#loadCommonJSModule /home/igniscyan/.vscode-oss/extensions/esbenp.prettier-vscode-1.8.1/out/src/extension
[2019-04-16 23:23:38.549] [exthost] [info] ExtensionService#_doActivateExtension redhat.java {"startup":false,"activationEvent":"onLanguage:java"}
[2019-04-16 23:23:38.549] [exthost] [info] ExtensionService#loadCommonJSModule /home/igniscyan/.vscode-oss/extensions/redhat.java-0.42.1/dist/extension
[2019-04-16 23:25:14.686] [exthost] [info] extension host started
[2019-04-16 23:25:14.703] [exthost] [info] ExtensionService#_doActivateExtension vscode.debug-auto-launch {"startup":true,"activationEvent":"*"}
[2019-04-16 23:25:14.703] [exthost] [info] ExtensionService#loadCommonJSModule /usr/lib/code/extensions/debug-auto-launch/dist/extension
[2019-04-16 23:25:14.705] [exthost] [info] ExtensionService#_doActivateExtension vscode.emmet {"startup":true,"activationEvent":"*"}
[2019-04-16 23:25:14.705] [exthost] [info] ExtensionService#loadCommonJSModule /usr/lib/code/extensions/emmet/dist/extension
[2019-04-16 23:25:14.715] [exthost] [info] ExtensionService#_doActivateExtension vscode.git {"startup":true,"activationEvent":"*"}
[2019-04-16 23:25:14.715] [exthost] [info] ExtensionService#loadCommonJSModule /usr/lib/code/extensions/git/dist/main
[2019-04-16 23:25:14.771] [exthost] [info] ExtensionService#_doActivateExtension vscode.merge-conflict {"startup":true,"activationEvent":"*"}
[2019-04-16 23:25:14.771] [exthost] [info] ExtensionService#loadCommonJSModule /usr/lib/code/extensions/merge-conflict/dist/extension
[2019-04-16 23:25:14.774] [exthost] [info] ExtensionService#_doActivateExtension esbenp.prettier-vscode {"startup":true,"activationEvent":"*"}
[2019-04-16 23:25:14.774] [exthost] [info] ExtensionService#loadCommonJSModule /home/igniscyan/.vscode-oss/extensions/esbenp.prettier-vscode-1.8.1/out/src/extension
[2019-04-16 23:25:14.863] [exthost] [info] ExtensionService#_doActivateExtension vscodevim.vim {"startup":true,"activationEvent":"*"}
[2019-04-16 23:25:14.863] [exthost] [info] ExtensionService#loadCommonJSModule /home/igniscyan/.vscode-oss/extensions/vscodevim.vim-1.4.0/out/extension
[2019-04-16 23:25:15.034] [exthost] [info] ExtensionService#_doActivateExtension redhat.java {"startup":false,"activationEvent":"onLanguage:java"}
[2019-04-16 23:25:15.034] [exthost] [info] ExtensionService#loadCommonJSModule /home/igniscyan/.vscode-oss/extensions/redhat.java-0.42.1/dist/extension
[2019-04-16 23:25:15.062] [exthost] [info] eager extensions activated
[2019-04-16 23:27:20.539] [exthost] [info] ExtensionService#_doActivateExtension vscode.configuration-editing {"startup":false,"activationEvent":"onLanguage:jsonc"}
[2019-04-16 23:27:20.539] [exthost] [info] ExtensionService#loadCommonJSModule /usr/lib/code/extensions/configuration-editing/dist/extension
[2019-04-16 23:27:20.544] [exthost] [info] ExtensionService#_doActivateExtension vscode.json-language-features {"startup":false,"activationEvent":"onLanguage:jsonc"}
[2019-04-16 23:27:20.544] [exthost] [info] ExtensionService#loadCommonJSModule /usr/lib/code/extensions/json-language-features/client/dist/jsonMain
[2019-04-16 23:27:20.583] [exthost] [info] ExtensionService#_doActivateExtension vscode.typescript-language-features {"startup":false,"activationEvent":"onLanguage:jsonc"}
[2019-04-16 23:27:20.583] [exthost] [info] ExtensionService#loadCommonJSModule /usr/lib/code/extensions/typescript-language-features/dist/extension
[2019-04-16 23:51:30.580] [exthost] [warning] redhat.java -Code actions of kind 'quickfix 'requested but returned code action is of kind 'source.organizeImports'. Code action will be dropped. Please check 'CodeActionContext.only' to only return requested code actions.
[2019-04-16 23:51:30.580] [exthost] [warning] redhat.java -Code actions of kind 'quickfix 'requested but returned code action is of kind 'source.overrideMethods'. Code action will be dropped. Please check 'CodeActionContext.only' to only return requested code actions.
[2019-04-16 23:51:30.580] [exthost] [warning] redhat.java -Code actions of kind 'quickfix 'requested but returned code action is of kind 'source.generate.accessors'. Code action will be dropped. Please check 'CodeActionContext.only' to only return requested code actions.
[2019-04-16 23:51:30.580] [exthost] [warning] redhat.java -Code actions of kind 'quickfix 'requested but returned code action is of kind 'source.generate.hashCodeEquals'. Code action will be dropped. Please check 'CodeActionContext.only' to only return requested code actions.
[2019-04-17 00:05:14.362] [exthost] [info] extension host started
[2019-04-17 00:05:14.376] [exthost] [info] ExtensionService#_doActivateExtension vscode.debug-auto-launch {"startup":true,"activationEvent":"*"}
[2019-04-17 00:05:14.376] [exthost] [info] ExtensionService#loadCommonJSModule /usr/lib/code/extensions/debug-auto-launch/dist/extension
[2019-04-17 00:05:14.378] [exthost] [info] ExtensionService#_doActivateExtension vscode.emmet {"startup":true,"activationEvent":"*"}
[2019-04-17 00:05:14.378] [exthost] [info] ExtensionService#loadCommonJSModule /usr/lib/code/extensions/emmet/dist/extension
[2019-04-17 00:05:14.390] [exthost] [info] ExtensionService#_doActivateExtension vscode.git {"startup":true,"activationEvent":"*"}
[2019-04-17 00:05:14.390] [exthost] [info] ExtensionService#loadCommonJSModule /usr/lib/code/extensions/git/dist/main
[2019-04-17 00:05:14.451] [exthost] [info] ExtensionService#_doActivateExtension vscode.merge-conflict {"startup":true,"activationEvent":"*"}
[2019-04-17 00:05:14.451] [exthost] [info] ExtensionService#loadCommonJSModule /usr/lib/code/extensions/merge-conflict/dist/extension
[2019-04-17 00:05:14.453] [exthost] [info] ExtensionService#_doActivateExtension esbenp.prettier-vscode {"startup":true,"activationEvent":"*"}
[2019-04-17 00:05:14.454] [exthost] [info] ExtensionService#loadCommonJSModule /home/igniscyan/.vscode-oss/extensions/esbenp.prettier-vscode-1.8.1/out/src/extension
[2019-04-17 00:05:14.549] [exthost] [info] ExtensionService#_doActivateExtension redhat.java {"startup":false,"activationEvent":"onLanguage:java"}
[2019-04-17 00:05:14.549] [exthost] [info] ExtensionService#loadCommonJSModule /home/igniscyan/.vscode-oss/extensions/redhat.java-0.42.1/dist/extension
[2019-04-17 00:05:14.577] [exthost] [info] eager extensions activated
[2019-04-17 00:08:52.733] [exthost] [warning] redhat.java -Code actions of kind 'quickfix 'requested but returned code action is of kind 'source.organizeImports'. Code action will be dropped. Please check 'CodeActionContext.only' to only return requested code actions.
[2019-04-17 00:08:52.733] [exthost] [warning] redhat.java -Code actions of kind 'quickfix 'requested but returned code action is of kind 'source.overrideMethods'. Code action will be dropped. Please check 'CodeActionContext.only' to only return requested code actions.
[2019-04-17 00:08:52.733] [exthost] [warning] redhat.java -Code actions of kind 'quickfix 'requested but returned code action is of kind 'source.generate.accessors'. Code action will be dropped. Please check 'CodeActionContext.only' to only return requested code actions.
[2019-04-17 00:08:52.733] [exthost] [warning] redhat.java -Code actions of kind 'quickfix 'requested but returned code action is of kind 'source.generate.hashCodeEquals'. Code action will be dropped. Please check 'CodeActionContext.only' to only return requested code actions.
[2019-04-17 00:16:01.628] [exthost] [warning] redhat.java -Code actions of kind 'quickfix 'requested but returned code action is of kind 'source.organizeImports'. Code action will be dropped. Please check 'CodeActionContext.only' to only return requested code actions.
[2019-04-17 00:16:01.628] [exthost] [warning] redhat.java -Code actions of kind 'quickfix 'requested but returned code action is of kind 'source.overrideMethods'. Code action will be dropped. Please check 'CodeActionContext.only' to only return requested code actions.
[2019-04-17 00:16:01.628] [exthost] [warning] redhat.java -Code actions of kind 'quickfix 'requested but returned code action is of kind 'source.generate.accessors'. Code action will be dropped. Please check 'CodeActionContext.only' to only return requested code actions.
[2019-04-17 00:16:01.628] [exthost] [warning] redhat.java -Code actions of kind 'quickfix 'requested but returned code action is of kind 'source.generate.hashCodeEquals'. Code action will be dropped. Please check 'CodeActionContext.only' to only return requested code actions.
[2019-04-17 00:16:02.791] [exthost] [warning] redhat.java -Code actions of kind 'quickfix 'requested but returned code action is of kind 'source.organizeImports'. Code action will be dropped. Please check 'CodeActionContext.only' to only return requested code actions.
[2019-04-17 00:16:02.791] [exthost] [warning] redhat.java -Code actions of kind 'quickfix 'requested but returned code action is of kind 'source.overrideMethods'. Code action will be dropped. Please check 'CodeActionContext.only' to only return requested code actions.
[2019-04-17 00:16:02.791] [exthost] [warning] redhat.java -Code actions of kind 'quickfix 'requested but returned code action is of kind 'source.generate.accessors'. Code action will be dropped. Please check 'CodeActionContext.only' to only return requested code actions.
[2019-04-17 00:16:02.791] [exthost] [warning] redhat.java -Code actions of kind 'quickfix 'requested but returned code action is of kind 'source.generate.hashCodeEquals'. Code action will be dropped. Please check 'CodeActionContext.only' to only return requested code actions.
[2019-04-17 00:59:40.259] [exthost] [warning] redhat.java -Code actions of kind 'quickfix 'requested but returned code action is of kind 'source.organizeImports'. Code action will be dropped. Please check 'CodeActionContext.only' to only return requested code actions.
[2019-04-17 00:59:40.259] [exthost] [warning] redhat.java -Code actions of kind 'quickfix 'requested but returned code action is of kind 'source.overrideMethods'. Code action will be dropped. Please check 'CodeActionContext.only' to only return requested code actions.
[2019-04-17 00:59:40.259] [exthost] [warning] redhat.java -Code actions of kind 'quickfix 'requested but returned code action is of kind 'source.generate.accessors'. Code action will be dropped. Please check 'CodeActionContext.only' to only return requested code actions.
[2019-04-17 00:59:40.259] [exthost] [warning] redhat.java -Code actions of kind 'quickfix 'requested but returned code action is of kind 'source.generate.hashCodeEquals'. Code action will be dropped. Please check 'CodeActionContext.only' to only return requested code actions.
[2019-04-17 00:59:40.601] [exthost] [warning] redhat.java -Code actions of kind 'quickfix 'requested but returned code action is of kind 'source.organizeImports'. Code action will be dropped. Please check 'CodeActionContext.only' to only return requested code actions.
[2019-04-17 00:59:40.601] [exthost] [warning] redhat.java -Code actions of kind 'quickfix 'requested but returned code action is of kind 'source.overrideMethods'. Code action will be dropped. Please check 'CodeActionContext.only' to only return requested code actions.
[2019-04-17 00:59:40.601] [exthost] [warning] redhat.java -Code actions of kind 'quickfix 'requested but returned code action is of kind 'source.generate.accessors'. Code action will be dropped. Please check 'CodeActionContext.only' to only return requested code actions.
[2019-04-17 00:59:40.601] [exthost] [warning] redhat.java -Code actions of kind 'quickfix 'requested but returned code action is of kind 'source.generate.hashCodeEquals'. Code action will be dropped. Please check 'CodeActionContext.only' to only return requested code actions.
[2019-04-17 02:49:30.915] [exthost] [warning] redhat.java -Code actions of kind 'quickfix 'requested but returned code action is of kind 'source.organizeImports'. Code action will be dropped. Please check 'CodeActionContext.only' to only return requested code actions.
[2019-04-17 02:49:30.916] [exthost] [warning] redhat.java -Code actions of kind 'quickfix 'requested but returned code action is of kind 'source.overrideMethods'. Code action will be dropped. Please check 'CodeActionContext.only' to only return requested code actions.
[2019-04-17 02:49:30.916] [exthost] [warning] redhat.java -Code actions of kind 'quickfix 'requested but returned code action is of kind 'source.generate.accessors'. Code action will be dropped. Please check 'CodeActionContext.only' to only return requested code actions.
[2019-04-17 02:49:30.916] [exthost] [warning] redhat.java -Code actions of kind 'quickfix 'requested but returned code action is of kind 'source.generate.hashCodeEquals'. Code action will be dropped. Please check 'CodeActionContext.only' to only return requested code actions.
[2019-04-17 03:07:45.117] [exthost] [info] ExtensionService#_doActivateExtension vscode.configuration-editing {"startup":false,"activationEvent":"onLanguage:jsonc"}
[2019-04-17 03:07:45.117] [exthost] [info] ExtensionService#loadCommonJSModule /usr/lib/code/extensions/configuration-editing/dist/extension
[2019-04-17 03:07:45.121] [exthost] [info] ExtensionService#_doActivateExtension vscode.json-language-features {"startup":false,"activationEvent":"onLanguage:jsonc"}
[2019-04-17 03:07:45.121] [exthost] [info] ExtensionService#loadCommonJSModule /usr/lib/code/extensions/json-language-features/client/dist/jsonMain
[2019-04-17 03:07:45.165] [exthost] [info] ExtensionService#_doActivateExtension vscode.typescript-language-features {"startup":false,"activationEvent":"onLanguage:jsonc"}
[2019-04-17 03:07:45.165] [exthost] [info] ExtensionService#loadCommonJSModule /usr/lib/code/extensions/typescript-language-features/dist/extension
